
SQL*Plus: Release 12.1.0.2.0 Production on Wed Sep 19 19:19:46 2018

Copyright (c) 1982, 2014, Oracle.  All rights reserved.


Connected to:
Oracle Database 12c Enterprise Edition Release 12.1.0.2.0 - 64bit Production
With the Partitioning, OLAP, Advanced Analytics and Real Application Testing options

SQL> SQL> SQL> SQL> SQL> SQL> SQL> SQL> SQL> SQL> SQL> SQL> SQL> SQL> SQL> SQL> SQL> SQL> SQL> SQL> SQL> SQL> SQL> SQL> SQL> SQL>   2    3    4    5    6    7  
Table created.

SQL>   2    3    4    5  
Table created.

SQL>   2    3    4    5    6    7  
Table created.

SQL> SQL>   2    3    4    5    6    7  
Table created.

SQL>   2    3    4    5    6  
Table created.

SQL>   2    3    4    5    6    7  
Table created.

SQL>   2    3    4    5    6    7    8  
Table created.

SQL> SQL>   2    3    4    5    6    7    8    9  
Table created.

SQL>   2    3    4    5  
Table created.

SQL>   2    3    4    5  
Table created.

SQL>   2    3    4    5    6    7  
Table created.

SQL>   2    3    4    5  
Table created.

SQL>   2    3    4    5    6  
Table created.

SQL>   2    3    4    5    6    7    8  
Table created.

SQL>   2    3    4    5    6  
Table created.

SQL>   2    3    4    5  
Table created.

SQL> SQL>   2    3    4    5    6    7  
Table created.

SQL> Disconnected from Oracle Database 12c Enterprise Edition Release 12.1.0.2.0 - 64bit Production
With the Partitioning, OLAP, Advanced Analytics and Real Application Testing options
