
SQL*Loader: Release 12.1.0.2.0 - Production on Wed Sep 19 19:19:47 2018

Copyright (c) 1982, 2014, Oracle and/or its affiliates.  All rights reserved.

Control File:   faculty.ctl
Data File:      faculty.txt
  Bad File:     faculty.bad
  Discard File:  none specified
 
 (Allow all discards)

Number to load: ALL
Number to skip: 0
Errors allowed: 50
Bind array:     64 rows, maximum of 256000 bytes
Continuation:    none specified
Path used:      Conventional
Silent options: FEEDBACK
Table FACULTY, loaded from every logical record.
Insert option in effect for this table: REPLACE

   Column Name                  Position   Len  Term Encl Datatype
------------------------------ ---------- ----- ---- ---- ---------------------
FID                                 FIRST     *   ,       CHARACTER            
FNAME                                NEXT     *   ,       CHARACTER            
DEPTID                               NEXT     *   ,       CHARACTER            


Table FACULTY:
  15 Rows successfully loaded.
  0 Rows not loaded due to data errors.
  0 Rows not loaded because all WHEN clauses were failed.
  0 Rows not loaded because all fields were null.


Space allocated for bind array:                  49536 bytes(64 rows)
Read   buffer bytes: 1048576

Total logical records skipped:          0
Total logical records read:            15
Total logical records rejected:         0
Total logical records discarded:        0

Run began on Wed Sep 19 19:19:47 2018
Run ended on Wed Sep 19 19:19:48 2018

Elapsed time was:     00:00:00.14
CPU time was:         00:00:00.02
